\BOOKMARK [1][-]{section.1}{\376\377\000P\000r\000o\000b\000l\000e\000m\000\040\000S\000t\000a\000t\000e\000m\000e\000n\000t}{}% 1
\BOOKMARK [1][-]{section.2}{\376\377\000S\000t\000e\000p\000\040\000S\000i\000g\000n\000a\000l\000\040\000a\000s\000\040\000f\000\050\000t\000\051}{}% 2
\BOOKMARK [2][-]{subsubsection.2.0.1}{\376\377\000I\000n\000t\000e\000r\000p\000r\000e\000t\000a\000t\000i\000o\000n\000:}{section.2}% 3
\BOOKMARK [2][-]{subsection.2.1}{\376\377\000S\000o\000l\000u\000t\000i\000o\000n\000\040\000U\000s\000i\000n\000g\000\040\000S\000t\000e\000p\000\040\000F\000u\000n\000c\000t\000i\000o\000n}{section.2}% 4
\BOOKMARK [3][-]{subsubsection.2.1.1}{\376\377\000S\000t\000a\000n\000d\000a\000r\000d\000\040\000C\000o\000n\000v\000o\000l\000u\000t\000i\000o\000n\000\040\000\040\000y\000\050\000t\000\051\000\040\000=\000\040\000\050\000f\000\040\000*\000\040\000h\000\051\000\050\000t\000\051\000\040}{subsection.2.1}% 5
\BOOKMARK [3][-]{subsubsection.2.1.2}{\376\377\000B\000e\000h\000a\000v\000i\000o\000r\000\040\000A\000n\000a\000l\000y\000s\000i\000s\000:}{subsection.2.1}% 6
\BOOKMARK [3][-]{subsubsection.2.1.3}{\376\377\000M\000o\000d\000i\000f\000i\000e\000d\000\040\000K\000e\000r\000n\000e\000l\000\040\000\050\000O\000n\000l\000y\000\040\000\040\000t\000\040\000>\000\040\0000\000\040\000\051\000\040\000\050\000P\000a\000r\000t\000\040\000a\000\051}{subsection.2.1}% 7
\BOOKMARK [3][-]{subsubsection.2.1.4}{\376\377\000C\000o\000m\000p\000a\000r\000i\000s\000o\000n\000\040\000w\000i\000t\000h\000\040\000O\000r\000i\000g\000i\000n\000a\000l\000\040\000K\000e\000r\000n\000e\000l\000:}{subsection.2.1}% 8
\BOOKMARK [3][-]{subsubsection.2.1.5}{\376\377\000S\000h\000i\000f\000t\000e\000d\000\040\000K\000e\000r\000n\000e\000l\000\040\000b\000y\000\040\000\040\0000\000\040\000\040\000\050\000P\000a\000r\000t\000\040\000b\000\051}{subsection.2.1}% 9
\BOOKMARK [3][-]{subsubsection.2.1.6}{\376\377\000S\000i\000g\000n\000i\000f\000i\000c\000a\000n\000c\000e\000\040\000i\000n\000\040\000T\000i\000m\000e\000-\000D\000e\000l\000a\000y\000e\000d\000\040\000S\000y\000s\000t\000e\000m\000s\000:}{subsection.2.1}% 10
\BOOKMARK [2][-]{subsection.2.2}{\376\377\000C\000o\000n\000c\000l\000u\000s\000i\000o\000n}{section.2}% 11
\BOOKMARK [3][-]{subsubsection.2.2.1}{\376\377\000C\000o\000m\000p\000a\000r\000i\000s\000i\000o\000n\000\040\000o\000f\000\040\000a\000l\000l\000\040\000c\000a\000s\000e\000s}{subsection.2.2}% 12
\BOOKMARK [1][-]{section.3}{\376\377\000E\000x\000p\000o\000n\000e\000n\000t\000i\000a\000l\000\040\000a\000s\000\040\000f\000\050\000t\000\051}{}% 13
\BOOKMARK [2][-]{subsection.3.1}{\376\377\000S\000t\000a\000n\000d\000a\000r\000d\000\040\000C\000o\000n\000v\000o\000l\000u\000t\000i\000o\000n}{section.3}% 14
\BOOKMARK [3][-]{subsubsection.3.1.1}{\376\377\000G\000e\000n\000e\000r\000a\000l\000\040\000S\000o\000l\000u\000t\000i\000o\000n}{subsection.3.1}% 15
\BOOKMARK [3][-]{subsubsection.3.1.2}{\376\377\000T\000i\000m\000e\000\040\000D\000o\000m\000a\000i\000n\000\040\000A\000n\000a\000l\000y\000s\000i\000s}{subsection.3.1}% 16
\BOOKMARK [2][-]{subsection.3.2}{\376\377\000M\000o\000d\000i\000f\000i\000e\000d\000\040\000K\000e\000r\000n\000e\000l\000\040\000\050\000t\000\040\000>\000\040\0000\000\051}{section.3}% 17
\BOOKMARK [3][-]{subsubsection.3.2.1}{\376\377\000K\000e\000r\000n\000e\000l\000\040\000D\000e\000f\000i\000n\000i\000t\000i\000o\000n}{subsection.3.2}% 18
\BOOKMARK [3][-]{subsubsection.3.2.2}{\376\377\000C\000o\000n\000v\000o\000l\000u\000t\000i\000o\000n\000\040\000R\000e\000s\000u\000l\000t}{subsection.3.2}% 19
\BOOKMARK [2][-]{subsection.3.3}{\376\377\000T\000i\000m\000e\000-\000S\000h\000i\000f\000t\000e\000d\000\040\000K\000e\000r\000n\000e\000l}{section.3}% 20
\BOOKMARK [3][-]{subsubsection.3.3.1}{\376\377\000K\000e\000r\000n\000e\000l\000\040\000D\000e\000f\000i\000n\000i\000t\000i\000o\000n}{subsection.3.3}% 21
\BOOKMARK [3][-]{subsubsection.3.3.2}{\376\377\000C\000o\000n\000v\000o\000l\000u\000t\000i\000o\000n\000\040\000R\000e\000s\000u\000l\000t}{subsection.3.3}% 22
\BOOKMARK [2][-]{subsection.3.4}{\376\377\000C\000o\000n\000c\000l\000u\000s\000i\000o\000n}{section.3}% 23
\BOOKMARK [3][-]{subsubsection.3.4.1}{\376\377\000T\000i\000m\000e\000-\000I\000n\000v\000a\000r\000i\000a\000n\000c\000e\000\040\000A\000n\000a\000l\000y\000s\000i\000s}{subsection.3.4}% 24
\BOOKMARK [1][-]{section.4}{\376\377\000S\000i\000n\000u\000s\000o\000i\000d\000a\000l\000\040\000f\000\050\000t\000\051\000\040\000w\000i\000t\000h\000\040\000n\000o\000r\000m\000a\000l\000\040\000b\000o\000x\000\040\000k\000e\000r\000n\000e\000l}{}% 25
\BOOKMARK [2][-]{subsection.4.1}{\376\377\000A\000n\000a\000l\000y\000t\000i\000c\000a\000l\000\040\000S\000o\000l\000u\000t\000i\000o\000n}{section.4}% 26
\BOOKMARK [2][-]{subsection.4.2}{\376\377\000P\000a\000r\000a\000m\000e\000t\000e\000r\000\040\000D\000e\000p\000e\000n\000d\000e\000n\000c\000i\000e\000s}{section.4}% 27
\BOOKMARK [3][-]{subsubsection.4.2.1}{\376\377\000E\000f\000f\000e\000c\000t\000\040\000o\000f\000\040\000I\000n\000p\000u\000t\000\040\000S\000i\000g\000n\000a\000l\000\040\000A\000m\000p\000l\000i\000t\000u\000d\000e}{subsection.4.2}% 28
\BOOKMARK [3][-]{subsubsection.4.2.2}{\376\377\000E\000f\000f\000e\000c\000t\000\040\000o\000f\000\040\000I\000n\000p\000u\000t\000\040\000S\000i\000g\000n\000a\000l\000\040\000F\000r\000e\000q\000u\000e\000n\000c\000y}{subsection.4.2}% 29
\BOOKMARK [3][-]{subsubsection.4.2.3}{\376\377\000E\000f\000f\000e\000c\000t\000\040\000o\000f\000\040\000K\000e\000r\000n\000e\000l\000\040\000W\000i\000d\000t\000h}{subsection.4.2}% 30
\BOOKMARK [2][-]{subsection.4.3}{\376\377\000S\000i\000g\000n\000i\000f\000i\000c\000a\000n\000c\000e\000\040\000i\000n\000\040\000S\000i\000g\000n\000a\000l\000\040\000P\000r\000o\000c\000e\000s\000s\000i\000n\000g}{section.4}% 31
\BOOKMARK [2][-]{subsection.4.4}{\376\377\000C\000o\000n\000c\000l\000u\000s\000i\000o\000n}{section.4}% 32
\BOOKMARK [1][-]{section.5}{\376\377\000S\000i\000n\000u\000s\000o\000i\000d\000a\000l\000\040\000a\000s\000\040\000f\000\050\000t\000\051\000\040\000w\000i\000t\000h\000\040\000H\000a\000l\000f\000-\000B\000o\000x\000\040\000K\000e\000r\000n\000e\000l}{}% 33
\BOOKMARK [2][-]{subsection.5.1}{\376\377\000M\000o\000d\000i\000f\000y\000\040\000t\000h\000e\000\040\000k\000e\000r\000n\000e\000l\000\040\000t\000o\000\040\000o\000n\000l\000y\000\040\000c\000o\000n\000s\000i\000d\000e\000r\000\040\000t\000h\000e\000\040\000p\000a\000r\000t\000\040\000o\000f\000\040\000t\000h\000e\000\040\000k\000e\000r\000n\000e\000l\000\040\000f\000o\000r\000\040\000\040\000t\000\040\000>\000\040\0000\000\040\000.\000\040\000H\000o\000w\000\040\000d\000o\000e\000s\000\040\000t\000h\000i\000s\000\040\000a\000f\000f\000e\000c\000t\000\040\000t\000h\000e\000\040\000c\000o\000n\000v\000o\000l\000u\000t\000i\000o\000n\000\040\000r\000e\000s\000u\000l\000t\000?}{section.5}% 34
\BOOKMARK [3][-]{subsubsection.5.1.1}{\376\377\000A\000n\000a\000l\000y\000t\000i\000c}{subsection.5.1}% 35
\BOOKMARK [2][-]{subsection.5.2}{\376\377\000E\000x\000t\000e\000n\000d\000e\000d\000\040\000G\000r\000a\000p\000h\000i\000c\000a\000l\000\040\000a\000n\000d\000\040\000A\000n\000a\000l\000y\000t\000i\000c\000a\000l\000\040\000A\000n\000a\000l\000y\000s\000i\000s}{section.5}% 36
\BOOKMARK [3][-]{subsubsection.5.2.1}{\376\377\000E\000f\000f\000e\000c\000t\000\040\000o\000f\000\040\000A\000m\000p\000l\000i\000t\000u\000d\000e\000\040\000\040\000A\000\040}{subsection.5.2}% 37
\BOOKMARK [3][-]{subsubsection.5.2.2}{\376\377\000E\000f\000f\000e\000c\000t\000\040\000o\000f\000\040\000A\000n\000g\000u\000l\000a\000r\000\040\000F\000r\000e\000q\000u\000e\000n\000c\000y\000\040\000\040}{subsection.5.2}% 38
\BOOKMARK [3][-]{subsubsection.5.2.3}{\376\377\000E\000f\000f\000e\000c\000t\000\040\000o\000f\000\040\000P\000u\000l\000s\000e\000\040\000W\000i\000d\000t\000h\000\040\000\040\000T\000\040}{subsection.5.2}% 39
\BOOKMARK [3][-]{subsubsection.5.2.4}{\376\377\000A\000m\000p\000l\000i\000t\000u\000d\000e\000\040\000R\000a\000t\000i\000o\000\040\000v\000s\000\040\000A\000n\000g\000u\000l\000a\000r\000\040\000F\000r\000e\000q\000u\000e\000n\000c\000y}{subsection.5.2}% 40
\BOOKMARK [3][-]{subsubsection.5.2.5}{\376\377\000E\000f\000f\000e\000c\000t\000\040\000o\000f\000\040\000P\000h\000a\000s\000e\000\040\000\040}{subsection.5.2}% 41
\BOOKMARK [3][-]{subsubsection.5.2.6}{\376\377\000S\000p\000e\000c\000i\000a\000l\000\040\000O\000b\000s\000e\000r\000v\000a\000t\000i\000o\000n\000s}{subsection.5.2}% 42
\BOOKMARK [2][-]{subsection.5.3}{\376\377\000C\000o\000n\000v\000o\000l\000u\000t\000i\000o\000n\000\040\000w\000i\000t\000h\000\040\000V\000a\000r\000y\000i\000n\000g\000\040\000P\000a\000r\000a\000m\000e\000t\000e\000r\000s}{section.5}% 43
\BOOKMARK [2][-]{subsection.5.4}{\376\377\000C\000o\000n\000c\000l\000u\000s\000i\000o\000n}{section.5}% 44
\BOOKMARK [1][-]{section.6}{\376\377\000S\000i\000n\000u\000s\000o\000i\000d\000a\000l\000\040\000f\000\050\000t\000\051\000\040\000w\000i\000t\000h\000\040\000S\000h\000i\000f\000t\000e\000d\000\040\000T\000i\000m\000e\000\040\000B\000o\000x\000\040\000K\000e\000r\000n\000e\000l}{}% 45
\BOOKMARK [2][-]{subsection.6.1}{\376\377\000A\000n\000a\000l\000y\000t\000i\000c\000a\000l\000\040\000D\000e\000r\000i\000v\000a\000t\000i\000o\000n}{section.6}% 46
\BOOKMARK [2][-]{subsection.6.2}{\376\377\000A\000n\000a\000l\000y\000s\000i\000s\000\040\000o\000f\000\040\000t\000h\000e\000\040\000R\000e\000s\000u\000l\000t}{section.6}% 47
\BOOKMARK [2][-]{subsection.6.3}{\376\377\000E\000f\000f\000e\000c\000t\000\040\000o\000f\000\040\000K\000e\000r\000n\000e\000l\000\040\000S\000h\000i\000f\000t\000\040\0000}{section.6}% 48
\BOOKMARK [2][-]{subsection.6.4}{\376\377\000S\000p\000e\000c\000i\000a\000l\000\040\000C\000a\000s\000e\000s}{section.6}% 49
\BOOKMARK [2][-]{subsection.6.5}{\376\377\000A\000m\000p\000l\000i\000t\000u\000d\000e\000\040\000r\000a\000t\000i\000o\000\040\000A\000n\000a\000l\000y\000s\000i\000s}{section.6}% 50
\BOOKMARK [2][-]{subsection.6.6}{\376\377\000M\000o\000r\000e\000\040\000a\000n\000a\000l\000y\000s\000i\000s\000\040\000o\000n\000\040\000E\000f\000f\000e\000c\000t\000\040\000o\000f\000\040\000K\000e\000r\000n\000e\000l\000\040\000W\000i\000d\000t\000h\000\040\000\050\000T\000\051}{section.6}% 51
\BOOKMARK [1][-]{section.7}{\376\377\000S\000m\000o\000o\000t\000h\000e\000n\000i\000n\000g\000\040\000o\000f\000\040\000c\000u\000r\000v\000e\000s\000\040\000u\000s\000i\000n\000g\000\040\000t\000h\000e\000\040\000B\000o\000x\000\040\000K\000e\000r\000n\000e\000l}{}% 52
\BOOKMARK [2][-]{subsection.7.1}{\376\377\000P\000r\000o\000p\000e\000r\000t\000i\000e\000s\000\040\000o\000f\000\040\000B\000o\000x\000\040\000K\000e\000r\000n\000e\000l\000\040\000S\000m\000o\000o\000t\000h\000i\000n\000g}{section.7}% 53
\BOOKMARK [3][-]{subsubsection.7.1.1}{\376\377\000E\000f\000f\000e\000c\000t\000\040\000o\000f\000\040\000K\000e\000r\000n\000e\000l\000\040\000W\000i\000d\000t\000h}{subsection.7.1}% 54
\BOOKMARK [3][-]{subsubsection.7.1.2}{\376\377\000L\000i\000m\000i\000t\000a\000t\000i\000o\000n\000s}{subsection.7.1}% 55
\BOOKMARK [2][-]{subsection.7.2}{\376\377\000S\000o\000m\000e\000\040\000n\000o\000i\000s\000y\000\040\000c\000u\000r\000v\000e\000s\000\040\000a\000n\000d\000\040\000t\000h\000e\000i\000r\000\040\000c\000o\000n\000v\000o\000l\000v\000e\000d\000\040\000o\000u\000t\000p\000u\000t}{section.7}% 56
\BOOKMARK [3][-]{subsubsection.7.2.1}{\376\377\000N\000o\000i\000s\000y\000\040\000a\000n\000d\000\040\000S\000m\000o\000o\000t\000h\000e\000d\000\040\000S\000i\000n\000u\000s\000o\000i\000d}{subsection.7.2}% 57
\BOOKMARK [3][-]{subsubsection.7.2.2}{\376\377\000N\000o\000i\000s\000y\000\040\000a\000n\000d\000\040\000S\000m\000o\000o\000t\000h\000e\000d\000\040\000S\000t\000e\000p\000\040\000F\000u\000n\000c\000t\000i\000o\000n}{subsection.7.2}% 58
\BOOKMARK [3][-]{subsubsection.7.2.3}{\376\377\000N\000o\000i\000s\000y\000\040\000a\000n\000d\000\040\000S\000m\000o\000o\000t\000h\000e\000d\000\040\000S\000q\000u\000a\000r\000e\000\040\000W\000a\000v\000e}{subsection.7.2}% 59
\BOOKMARK [3][-]{subsubsection.7.2.4}{\376\377\000N\000o\000i\000s\000y\000\040\000a\000n\000d\000\040\000S\000m\000o\000o\000t\000h\000e\000d\000\040\000R\000a\000m\000p}{subsection.7.2}% 60
\BOOKMARK [3][-]{subsubsection.7.2.5}{\376\377\000N\000o\000i\000s\000y\000\040\000a\000n\000d\000\040\000S\000m\000o\000o\000t\000h\000e\000d\000\040\000E\000x\000p\000o\000n\000e\000n\000t\000i\000a\000l\000\040\000D\000e\000c\000a\000y}{subsection.7.2}% 61
\BOOKMARK [3][-]{subsubsection.7.2.6}{\376\377\000N\000o\000i\000s\000y\000\040\000a\000n\000d\000\040\000S\000m\000o\000o\000t\000h\000e\000d\000\040\000G\000a\000u\000s\000s\000i\000a\000n\000\040\000C\000u\000r\000v\000e}{subsection.7.2}% 62
\BOOKMARK [2][-]{subsection.7.3}{\376\377\000S\000m\000o\000o\000t\000h\000e\000n\000i\000n\000g\000\040\000o\000u\000t\000\040\000G\000i\000b\000b\000s\000\040\000p\000h\000e\000n\000o\000m\000e\000n\000a\000\040\000i\000n\000\040\000F\000o\000u\000r\000i\000e\000r\000\040\000R\000e\000c\000o\000n\000s\000t\000r\000u\000c\000t\000i\000o\000n\000\040\000u\000s\000i\000n\000g\000\040\000B\000o\000x\000\040\000K\000e\000r\000n\000e\000l}{section.7}% 63
\BOOKMARK [2][-]{subsection.7.4}{\376\377\000S\000q\000u\000a\000r\000e\000\040\000W\000a\000v\000e\000\040\000F\000o\000u\000r\000i\000e\000r\000\040\000C\000o\000e\000f\000f\000i\000c\000i\000e\000n\000t\000s}{section.7}% 64
\BOOKMARK [2][-]{subsection.7.5}{\376\377\000C\000o\000n\000v\000o\000l\000v\000i\000n\000g\000\040\000t\000h\000e\000\040\000s\000q\000u\000a\000r\000e\000\040\000w\000a\000v\000e}{section.7}% 65
