Flow report for fft
Sun Apr 12 22:02:04 2026
Quartus Prime Version 25.1std.0 Build 1129 10/21/2025 SC Lite Edition


---------------------
; Table of Contents ;
---------------------
  1. Legal Notice
  2. Flow Summary
  3. Flow Settings
  4. Flow Non-Default Global Settings
  5. Flow Elapsed Time
  6. Flow OS Summary
  7. Flow Log
  8. Flow Messages
  9. Flow Suppressed Messages



----------------
; Legal Notice ;
----------------
Copyright (C) 2025  Altera Corporation. All rights reserved.
Your use of Altera Corporation's design tools, logic functions 
and other software and tools, and any partner logic 
functions, and any output files from any of the foregoing 
(including device programming or simulation files), and any 
associated documentation or information are expressly subject 
to the terms and conditions of the Altera Program License 
Subscription Agreement, the Altera Quartus Prime License Agreement,
the Altera IP License Agreement, or other applicable license
agreement, including, without limitation, that your use is for
the sole purpose of programming logic devices manufactured by
Altera and sold by Altera or its authorized distributors.  Please
refer to the Altera Software License Subscription Agreements 
on the Quartus Prime software download page.



+----------------------------------------------------------------------------------------+
; Flow Summary                                                                           ;
+---------------------------------+------------------------------------------------------+
; Flow Status                     ; EDA Netlist Writer Failed - Sun Apr 12 22:02:04 2026 ;
; Quartus Prime Version           ; 25.1std.0 Build 1129 10/21/2025 SC Lite Edition      ;
; Revision Name                   ; fft                                                  ;
; Top-level Entity Name           ; fft_ip_core                                          ;
; Family                          ; Cyclone V                                            ;
; Device                          ; 5CGXFC7C7F23C8                                       ;
; Timing Models                   ; Final                                                ;
; Logic utilization (in ALMs)     ; 531 / 56,480 ( < 1 % )                               ;
; Total registers                 ; 1132                                                 ;
; Total pins                      ; 55 / 268 ( 21 % )                                    ;
; Total virtual pins              ; 0                                                    ;
; Total block memory bits         ; 776 / 7,024,640 ( < 1 % )                            ;
; Total DSP Blocks                ; 2 / 156 ( 1 % )                                      ;
; Total HSSI RX PCSs              ; 0 / 6 ( 0 % )                                        ;
; Total HSSI PMA RX Deserializers ; 0 / 6 ( 0 % )                                        ;
; Total HSSI TX PCSs              ; 0 / 6 ( 0 % )                                        ;
; Total HSSI PMA TX Serializers   ; 0 / 6 ( 0 % )                                        ;
; Total PLLs                      ; 0 / 13 ( 0 % )                                       ;
; Total DLLs                      ; 0 / 4 ( 0 % )                                        ;
+---------------------------------+------------------------------------------------------+


+-----------------------------------------+
; Flow Settings                           ;
+-------------------+---------------------+
; Option            ; Setting             ;
+-------------------+---------------------+
; Start date & time ; 04/12/2026 22:00:40 ;
; Main task         ; Compilation         ;
; Revision Name     ; fft                 ;
+-------------------+---------------------+


+--------------------------------------------------------------------------------------------------------------------------------------------------------------------------------+
; Flow Non-Default Global Settings                                                                                                                                               ;
+-------------------------------------+---------------------------------------------------------------+---------------+----------------------+-----------------------------------+
; Assignment Name                     ; Value                                                         ; Default Value ; Entity Name          ; Section Id                        ;
+-------------------------------------+---------------------------------------------------------------+---------------+----------------------+-----------------------------------+
; COMPILER_SIGNATURE_ID               ; 132243597945223.177601144041309                               ; --            ; --                   ; --                                ;
; EDA_GENERATE_FUNCTIONAL_NETLIST     ; Off                                                           ; --            ; --                   ; eda_board_design_timing           ;
; EDA_GENERATE_FUNCTIONAL_NETLIST     ; Off                                                           ; --            ; --                   ; eda_board_design_boundary_scan    ;
; EDA_GENERATE_FUNCTIONAL_NETLIST     ; Off                                                           ; --            ; --                   ; eda_board_design_signal_integrity ;
; EDA_GENERATE_FUNCTIONAL_NETLIST     ; Off                                                           ; --            ; --                   ; eda_board_design_symbol           ;
; EDA_OUTPUT_DATA_FORMAT              ; Verilog Hdl                                                   ; --            ; --                   ; eda_simulation                    ;
; EDA_SIMULATION_TOOL                 ; Questa Altera FPGA (Verilog)                                  ; <None>        ; --                   ; --                                ;
; EDA_TIME_SCALE                      ; 1 ps                                                          ; --            ; --                   ; eda_simulation                    ;
; MAX_CORE_JUNCTION_TEMP              ; 85                                                            ; --            ; --                   ; --                                ;
; MESSAGE_DISABLE                     ; 270007                                                        ; --            ; fft_ip_core_fft_ii_0 ; --                                ;
; MIN_CORE_JUNCTION_TEMP              ; 0                                                             ; --            ; --                   ; --                                ;
; MISC_FILE                           ; fft_ip_core/synthesis/../fft_ip_core.cmp                      ; --            ; --                   ; --                                ;
; MISC_FILE                           ; fft_ip_core/synthesis/../../fft_ip_core.qsys                  ; --            ; --                   ; --                                ;
; PARTITION_COLOR                     ; -- (Not supported for targeted family)                        ; --            ; fft_ip_core          ; Top                               ;
; PARTITION_FITTER_PRESERVATION_LEVEL ; -- (Not supported for targeted family)                        ; --            ; fft_ip_core          ; Top                               ;
; PARTITION_NETLIST_TYPE              ; -- (Not supported for targeted family)                        ; --            ; fft_ip_core          ; Top                               ;
; POWER_BOARD_THERMAL_MODEL           ; None (CONSERVATIVE)                                           ; --            ; --                   ; --                                ;
; POWER_PRESET_COOLING_SOLUTION       ; 23 MM HEAT SINK WITH 200 LFPM AIRFLOW                         ; --            ; --                   ; --                                ;
; PROJECT_OUTPUT_DIRECTORY            ; output_files                                                  ; --            ; --                   ; --                                ;
; SLD_FILE                            ; fft_ip_core/synthesis/fft_ip_core.debuginfo                   ; --            ; --                   ; --                                ;
; SLD_INFO                            ; QSYS_NAME fft_ip_core HAS_SOPCINFO 1 GENERATION_ID 1776011245 ; --            ; fft_ip_core          ; --                                ;
; SOPCINFO_FILE                       ; fft_ip_core/synthesis/../../fft_ip_core.sopcinfo              ; --            ; --                   ; --                                ;
; SYNTHESIS_ONLY_QIP                  ; On                                                            ; --            ; --                   ; --                                ;
; TOP_LEVEL_ENTITY                    ; fft_ip_core                                                   ; fft           ; --                   ; --                                ;
+-------------------------------------+---------------------------------------------------------------+---------------+----------------------+-----------------------------------+


+--------------------------------------------------------------------------------------------------------------------------+
; Flow Elapsed Time                                                                                                        ;
+----------------------+--------------+-------------------------+---------------------+------------------------------------+
; Module Name          ; Elapsed Time ; Average Processors Used ; Peak Virtual Memory ; Total CPU Time (on all processors) ;
+----------------------+--------------+-------------------------+---------------------+------------------------------------+
; Analysis & Synthesis ; 00:00:20     ; 1.0                     ; 656 MB              ; 00:00:36                           ;
; Fitter               ; 00:00:36     ; 1.1                     ; 2917 MB             ; 00:01:54                           ;
; Assembler            ; 00:00:08     ; 1.0                     ; 538 MB              ; 00:00:06                           ;
; Timing Analyzer      ; 00:00:09     ; 1.4                     ; 1143 MB             ; 00:00:12                           ;
; EDA Netlist Writer   ; 00:00:04     ; 1.0                     ; 682 MB              ; 00:00:02                           ;
; Total                ; 00:01:17     ; --                      ; --                  ; 00:02:50                           ;
+----------------------+--------------+-------------------------+---------------------+------------------------------------+


+------------------------------------------------------------------------------------+
; Flow OS Summary                                                                    ;
+----------------------+------------------+------------+------------+----------------+
; Module Name          ; Machine Hostname ; OS Name    ; OS Version ; Processor type ;
+----------------------+------------------+------------+------------+----------------+
; Analysis & Synthesis ; agamarch         ; Arch Linux ; Arch Linux ; x86_64         ;
; Fitter               ; agamarch         ; Arch Linux ; Arch Linux ; x86_64         ;
; Assembler            ; agamarch         ; Arch Linux ; Arch Linux ; x86_64         ;
; Timing Analyzer      ; agamarch         ; Arch Linux ; Arch Linux ; x86_64         ;
; EDA Netlist Writer   ; agamarch         ; Arch Linux ; Arch Linux ; x86_64         ;
+----------------------+------------------+------------+------------+----------------+


------------
; Flow Log ;
------------
quartus_map --read_settings_files=on --write_settings_files=off fft -c fft
quartus_fit --read_settings_files=off --write_settings_files=off fft -c fft
quartus_asm --read_settings_files=off --write_settings_files=off fft -c fft
quartus_sta fft -c fft
quartus_eda --read_settings_files=off --write_settings_files=off fft -c fft



