Assembler report for fft
Sun Apr 12 22:01:48 2026
Quartus Prime Version 25.1std.0 Build 1129 10/21/2025 SC Lite Edition


---------------------
; Table of Contents ;
---------------------
  1. Legal Notice
  2. Assembler Summary
  3. Assembler Settings
  4. Assembler Encrypted IP Cores Summary
  5. Assembler Generated Files
  6. Assembler Device Options: fft_time_limited.sof
  7. Assembler Messages



----------------
; Legal Notice ;
----------------
Copyright (C) 2025  Altera Corporation. All rights reserved.
Your use of Altera Corporation's design tools, logic functions 
and other software and tools, and any partner logic 
functions, and any output files from any of the foregoing 
(including device programming or simulation files), and any 
associated documentation or information are expressly subject 
to the terms and conditions of the Altera Program License 
Subscription Agreement, the Altera Quartus Prime License Agreement,
the Altera IP License Agreement, or other applicable license
agreement, including, without limitation, that your use is for
the sole purpose of programming logic devices manufactured by
Altera and sold by Altera or its authorized distributors.  Please
refer to the Altera Software License Subscription Agreements 
on the Quartus Prime software download page.



+---------------------------------------------------------------+
; Assembler Summary                                             ;
+-----------------------+---------------------------------------+
; Assembler Status      ; Successful - Sun Apr 12 22:01:48 2026 ;
; Revision Name         ; fft                                   ;
; Top-level Entity Name ; fft_ip_core                           ;
; Family                ; Cyclone V                             ;
; Device                ; 5CGXFC7C7F23C8                        ;
+-----------------------+---------------------------------------+


+----------------------------------+
; Assembler Settings               ;
+--------+---------+---------------+
; Option ; Setting ; Default Value ;
+--------+---------+---------------+


+-------------------------------------------------+
; Assembler Encrypted IP Cores Summary            ;
+--------+------------------------+---------------+
; Vendor ; IP Core Name           ; License Type  ;
+--------+------------------------+---------------+
; Altera ; FFT/IFFT (6AF7 0034)   ; OpenCore Plus ;
; Altera ; Signal Tap (6AF7 BCE1) ; Licensed      ;
; Altera ; Signal Tap (6AF7 BCEC) ; Licensed      ;
+--------+------------------------+---------------+


+-------------------------------------------------------------------------+
; Assembler Generated Files                                               ;
+-------------------------------------------------------------------------+
; File Name                                                               ;
+-------------------------------------------------------------------------+
; /home/agam/Github/DSPLab/Lab6/quartus/output_files/fft_time_limited.sof ;
+-------------------------------------------------------------------------+


+------------------------------------------------+
; Assembler Device Options: fft_time_limited.sof ;
+----------------+-------------------------------+
; Option         ; Setting                       ;
+----------------+-------------------------------+
; JTAG usercode  ; 0x01121B13                    ;
; Checksum       ; 0x01121B13                    ;
+----------------+-------------------------------+


+--------------------+
; Assembler Messages ;
+--------------------+
Info: *******************************************************************
Info: Running Quartus Prime Assembler
    Info: Version 25.1std.0 Build 1129 10/21/2025 SC Lite Edition
    Info: Processing started: Sun Apr 12 22:01:40 2026
Info: Command: quartus_asm --read_settings_files=off --write_settings_files=off fft -c fft
Warning (18236): Number of processors has not been specified which may cause overloading on shared machines.  Set the global assignment NUM_PARALLEL_PROCESSORS in your QSF to an appropriate value for best performance.
Info (115030): Assembler is generating device programming files
Info (115017): Design contains a time-limited core -- only a single, time-limited programming file can be generated
Warning (210042): Can't convert time-limited SOF into POF, HEX File, TTF, or RBF
Info: Quartus Prime Assembler was successful. 0 errors, 2 warnings
    Info: Peak virtual memory: 538 megabytes
    Info: Processing ended: Sun Apr 12 22:01:49 2026
    Info: Elapsed time: 00:00:09
    Info: Total CPU time (on all processors): 00:00:06


