Flow report for fir_single_mac
Mon Apr 27 13:45:18 2026
Quartus Prime Version 25.1std.0 Build 1129 10/21/2025 SC Lite Edition


---------------------
; Table of Contents ;
---------------------
  1. Legal Notice
  2. Flow Summary
  3. Flow Settings
  4. Flow Non-Default Global Settings
  5. Flow Elapsed Time
  6. Flow OS Summary
  7. Flow Log
  8. Flow Messages
  9. Flow Suppressed Messages



----------------
; Legal Notice ;
----------------
Copyright (C) 2025  Altera Corporation. All rights reserved.
Your use of Altera Corporation's design tools, logic functions 
and other software and tools, and any partner logic 
functions, and any output files from any of the foregoing 
(including device programming or simulation files), and any 
associated documentation or information are expressly subject 
to the terms and conditions of the Altera Program License 
Subscription Agreement, the Altera Quartus Prime License Agreement,
the Altera IP License Agreement, or other applicable license
agreement, including, without limitation, that your use is for
the sole purpose of programming logic devices manufactured by
Altera and sold by Altera or its authorized distributors.  Please
refer to the Altera Software License Subscription Agreements 
on the Quartus Prime software download page.



+-----------------------------------------------------------------------------------+
; Flow Summary                                                                      ;
+---------------------------------+-------------------------------------------------+
; Flow Status                     ; Successful - Mon Apr 27 13:45:18 2026           ;
; Quartus Prime Version           ; 25.1std.0 Build 1129 10/21/2025 SC Lite Edition ;
; Revision Name                   ; fir_single_mac                                  ;
; Top-level Entity Name           ; de10_nano_top                                   ;
; Family                          ; Cyclone V                                       ;
; Device                          ; 5CSEBA6U23I7                                    ;
; Timing Models                   ; Final                                           ;
; Logic utilization (in ALMs)     ; 1,606 / 41,910 ( 4 % )                          ;
; Total registers                 ; 3043                                            ;
; Total pins                      ; 3 / 314 ( < 1 % )                               ;
; Total virtual pins              ; 0                                               ;
; Total block memory bits         ; 438,528 / 5,662,720 ( 8 % )                     ;
; Total DSP Blocks                ; 1 / 112 ( < 1 % )                               ;
; Total HSSI RX PCSs              ; 0                                               ;
; Total HSSI PMA RX Deserializers ; 0                                               ;
; Total HSSI TX PCSs              ; 0                                               ;
; Total HSSI PMA TX Serializers   ; 0                                               ;
; Total PLLs                      ; 0 / 6 ( 0 % )                                   ;
; Total DLLs                      ; 0 / 4 ( 0 % )                                   ;
+---------------------------------+-------------------------------------------------+


+-----------------------------------------+
; Flow Settings                           ;
+-------------------+---------------------+
; Option            ; Setting             ;
+-------------------+---------------------+
; Start date & time ; 04/27/2026 13:43:44 ;
; Main task         ; Compilation         ;
; Revision Name     ; fir_single_mac      ;
+-------------------+---------------------+


+------------------------------------------------------------------------------------------------------------------------------------------------------------------------------------------------------------------------------------------------------------------------------------------------------------------------------------------------------------------+
; Flow Non-Default Global Settings                                                                                                                                                                                                                                                                                                                                 ;
+-------------------------------------+-------------------------------------------------------------------------------------------------------------------------------------------------------------------------------------------------------------------------------------------------------+----------------+---------------+-----------------------------------+
; Assignment Name                     ; Value                                                                                                                                                                                                                                                 ; Default Value  ; Entity Name   ; Section Id                        ;
+-------------------------------------+-------------------------------------------------------------------------------------------------------------------------------------------------------------------------------------------------------------------------------------------------------+----------------+---------------+-----------------------------------+
; COMPILER_SIGNATURE_ID               ; 132243597945223.177727762450187                                                                                                                                                                                                                       ; --             ; --            ; --                                ;
; EDA_GENERATE_FUNCTIONAL_NETLIST     ; Off                                                                                                                                                                                                                                                   ; --             ; --            ; eda_board_design_timing           ;
; EDA_GENERATE_FUNCTIONAL_NETLIST     ; Off                                                                                                                                                                                                                                                   ; --             ; --            ; eda_board_design_boundary_scan    ;
; EDA_GENERATE_FUNCTIONAL_NETLIST     ; Off                                                                                                                                                                                                                                                   ; --             ; --            ; eda_board_design_signal_integrity ;
; EDA_GENERATE_FUNCTIONAL_NETLIST     ; Off                                                                                                                                                                                                                                                   ; --             ; --            ; eda_board_design_symbol           ;
; EDA_OUTPUT_DATA_FORMAT              ; Verilog Hdl                                                                                                                                                                                                                                           ; --             ; --            ; eda_simulation                    ;
; EDA_SIMULATION_TOOL                 ; Questa Altera FPGA (Verilog)                                                                                                                                                                                                                          ; <None>         ; --            ; --                                ;
; EDA_TIME_SCALE                      ; 1 ps                                                                                                                                                                                                                                                  ; --             ; --            ; eda_simulation                    ;
; ENABLE_SIGNALTAP                    ; On                                                                                                                                                                                                                                                    ; --             ; --            ; --                                ;
; MAX_CORE_JUNCTION_TEMP              ; 100                                                                                                                                                                                                                                                   ; --             ; --            ; --                                ;
; MIN_CORE_JUNCTION_TEMP              ; -40                                                                                                                                                                                                                                                   ; --             ; --            ; --                                ;
; MISC_FILE                           ; ip/datagen_rom_bb.v                                                                                                                                                                                                                                   ; --             ; --            ; --                                ;
; PARTITION_COLOR                     ; -- (Not supported for targeted family)                                                                                                                                                                                                                ; --             ; de10_nano_top ; Top                               ;
; PARTITION_FITTER_PRESERVATION_LEVEL ; -- (Not supported for targeted family)                                                                                                                                                                                                                ; --             ; de10_nano_top ; Top                               ;
; PARTITION_NETLIST_TYPE              ; -- (Not supported for targeted family)                                                                                                                                                                                                                ; --             ; de10_nano_top ; Top                               ;
; POWER_BOARD_THERMAL_MODEL           ; None (CONSERVATIVE)                                                                                                                                                                                                                                   ; --             ; --            ; --                                ;
; POWER_PRESET_COOLING_SOLUTION       ; 23 MM HEAT SINK WITH 200 LFPM AIRFLOW                                                                                                                                                                                                                 ; --             ; --            ; --                                ;
; PROJECT_OUTPUT_DIRECTORY            ; output_files                                                                                                                                                                                                                                          ; --             ; --            ; --                                ;
; SLD_FILE                            ; db/stp1_auto_stripped.stp                                                                                                                                                                                                                             ; --             ; --            ; --                                ;
; SLD_NODE_CREATOR_ID                 ; 110                                                                                                                                                                                                                                                   ; --             ; --            ; auto_signaltap_0                  ;
; SLD_NODE_ENTITY_NAME                ; sld_signaltap                                                                                                                                                                                                                                         ; --             ; --            ; auto_signaltap_0                  ;
; SLD_NODE_PARAMETER_ASSIGNMENT       ; SLD_RAM_BLOCK_TYPE=AUTO                                                                                                                                                                                                                               ; --             ; --            ; auto_signaltap_0                  ;
; SLD_NODE_PARAMETER_ASSIGNMENT       ; SLD_DATA_BITS=33                                                                                                                                                                                                                                      ; --             ; --            ; auto_signaltap_0                  ;
; SLD_NODE_PARAMETER_ASSIGNMENT       ; SLD_TRIGGER_BITS=33                                                                                                                                                                                                                                   ; --             ; --            ; auto_signaltap_0                  ;
; SLD_NODE_PARAMETER_ASSIGNMENT       ; SLD_STORAGE_QUALIFIER_BITS=33                                                                                                                                                                                                                         ; --             ; --            ; auto_signaltap_0                  ;
; SLD_NODE_PARAMETER_ASSIGNMENT       ; SLD_NODE_INFO=805334528                                                                                                                                                                                                                               ; --             ; --            ; auto_signaltap_0                  ;
; SLD_NODE_PARAMETER_ASSIGNMENT       ; SLD_POWER_UP_TRIGGER=0                                                                                                                                                                                                                                ; --             ; --            ; auto_signaltap_0                  ;
; SLD_NODE_PARAMETER_ASSIGNMENT       ; SLD_SEGMENT_SIZE=8192                                                                                                                                                                                                                                 ; --             ; --            ; auto_signaltap_0                  ;
; SLD_NODE_PARAMETER_ASSIGNMENT       ; SLD_ATTRIBUTE_MEM_MODE=OFF                                                                                                                                                                                                                            ; --             ; --            ; auto_signaltap_0                  ;
; SLD_NODE_PARAMETER_ASSIGNMENT       ; SLD_STORAGE_QUALIFIER_GAP_RECORD=1                                                                                                                                                                                                                    ; --             ; --            ; auto_signaltap_0                  ;
; SLD_NODE_PARAMETER_ASSIGNMENT       ; SLD_INCREMENTAL_ROUTING=1                                                                                                                                                                                                                             ; --             ; --            ; auto_signaltap_0                  ;
; SLD_NODE_PARAMETER_ASSIGNMENT       ; SLD_SAMPLE_DEPTH=8192                                                                                                                                                                                                                                 ; --             ; --            ; auto_signaltap_0                  ;
; SLD_NODE_PARAMETER_ASSIGNMENT       ; SLD_TRIGGER_IN_ENABLED=0                                                                                                                                                                                                                              ; --             ; --            ; auto_signaltap_0                  ;
; SLD_NODE_PARAMETER_ASSIGNMENT       ; SLD_TRIGGER_PIPELINE=0                                                                                                                                                                                                                                ; --             ; --            ; auto_signaltap_0                  ;
; SLD_NODE_PARAMETER_ASSIGNMENT       ; SLD_COUNTER_PIPELINE=0                                                                                                                                                                                                                                ; --             ; --            ; auto_signaltap_0                  ;
; SLD_NODE_PARAMETER_ASSIGNMENT       ; SLD_TRIGGER_LEVEL_PIPELINE=1                                                                                                                                                                                                                          ; --             ; --            ; auto_signaltap_0                  ;
; SLD_NODE_PARAMETER_ASSIGNMENT       ; SLD_ENABLE_ADVANCED_TRIGGER=0                                                                                                                                                                                                                         ; --             ; --            ; auto_signaltap_0                  ;
; SLD_NODE_PARAMETER_ASSIGNMENT       ; SLD_TRIGGER_LEVEL=1                                                                                                                                                                                                                                   ; --             ; --            ; auto_signaltap_0                  ;
; SLD_NODE_PARAMETER_ASSIGNMENT       ; SLD_ADVANCED_TRIGGER_ENTITY=basic,1,                                                                                                                                                                                                                  ; --             ; --            ; auto_signaltap_0                  ;
; SLD_NODE_PARAMETER_ASSIGNMENT       ; SLD_STATE_FLOW_USE_GENERATED=0                                                                                                                                                                                                                        ; --             ; --            ; auto_signaltap_0                  ;
; SLD_NODE_PARAMETER_ASSIGNMENT       ; SLD_STATE_BITS=11                                                                                                                                                                                                                                     ; --             ; --            ; auto_signaltap_0                  ;
; SLD_NODE_PARAMETER_ASSIGNMENT       ; SLD_BUFFER_FULL_STOP=1                                                                                                                                                                                                                                ; --             ; --            ; auto_signaltap_0                  ;
; SLD_NODE_PARAMETER_ASSIGNMENT       ; SLD_CURRENT_RESOURCE_WIDTH=1                                                                                                                                                                                                                          ; --             ; --            ; auto_signaltap_0                  ;
; SLD_NODE_PARAMETER_ASSIGNMENT       ; SLD_RAM_PIPELINE=0                                                                                                                                                                                                                                    ; --             ; --            ; auto_signaltap_0                  ;
; SLD_NODE_PARAMETER_ASSIGNMENT       ; SLD_INVERSION_MASK=0000000000000000000000000000000000000000000000000000000000000000000000000000000000000000000000000000000000000000000000000000000000000000000000000000000000000000000000000000000000000000000000000000000000000000000000000000000000 ; --             ; --            ; auto_signaltap_0                  ;
; SLD_NODE_PARAMETER_ASSIGNMENT       ; SLD_INVERSION_MASK_LENGTH=226                                                                                                                                                                                                                         ; --             ; --            ; auto_signaltap_0                  ;
; SLD_NODE_PARAMETER_ASSIGNMENT       ; SLD_STORAGE_QUALIFIER_INVERSION_MASK_LENGTH=100                                                                                                                                                                                                       ; --             ; --            ; auto_signaltap_0                  ;
; SLD_NODE_PARAMETER_ASSIGNMENT       ; SLD_STORAGE_QUALIFIER_MODE=COMBINATIONAL                                                                                                                                                                                                              ; --             ; --            ; auto_signaltap_0                  ;
; SLD_NODE_PARAMETER_ASSIGNMENT       ; SLD_STORAGE_QUALIFIER_ENABLE_ADVANCED_CONDITION=0                                                                                                                                                                                                     ; --             ; --            ; auto_signaltap_0                  ;
; SLD_NODE_PARAMETER_ASSIGNMENT       ; SLD_STORAGE_QUALIFIER_PIPELINE=1                                                                                                                                                                                                                      ; --             ; --            ; auto_signaltap_0                  ;
; SLD_NODE_PARAMETER_ASSIGNMENT       ; SLD_STORAGE_QUALIFIER_ADVANCED_CONDITION_ENTITY=basic,1,                                                                                                                                                                                              ; --             ; --            ; auto_signaltap_0                  ;
; TOP_LEVEL_ENTITY                    ; de10_nano_top                                                                                                                                                                                                                                         ; fir_single_mac ; --            ; --                                ;
; USE_SIGNALTAP_FILE                  ; output_files/stp1.stp                                                                                                                                                                                                                                 ; --             ; --            ; --                                ;
+-------------------------------------+-------------------------------------------------------------------------------------------------------------------------------------------------------------------------------------------------------------------------------------------------------+----------------+---------------+-----------------------------------+


+--------------------------------------------------------------------------------------------------------------------------+
; Flow Elapsed Time                                                                                                        ;
+----------------------+--------------+-------------------------+---------------------+------------------------------------+
; Module Name          ; Elapsed Time ; Average Processors Used ; Peak Virtual Memory ; Total CPU Time (on all processors) ;
+----------------------+--------------+-------------------------+---------------------+------------------------------------+
; Analysis & Synthesis ; 00:00:22     ; 1.0                     ; 663 MB              ; 00:00:56                           ;
; Fitter               ; 00:00:52     ; 1.4                     ; 2861 MB             ; 00:03:10                           ;
; Assembler            ; 00:00:05     ; 1.0                     ; 543 MB              ; 00:00:05                           ;
; Timing Analyzer      ; 00:00:08     ; 2.8                     ; 1155 MB             ; 00:00:18                           ;
; EDA Netlist Writer   ; 00:00:02     ; 1.0                     ; 700 MB              ; 00:00:02                           ;
; Total                ; 00:01:29     ; --                      ; --                  ; 00:04:31                           ;
+----------------------+--------------+-------------------------+---------------------+------------------------------------+


+------------------------------------------------------------------------------------+
; Flow OS Summary                                                                    ;
+----------------------+------------------+------------+------------+----------------+
; Module Name          ; Machine Hostname ; OS Name    ; OS Version ; Processor type ;
+----------------------+------------------+------------+------------+----------------+
; Analysis & Synthesis ; agamarch         ; Arch Linux ; Arch Linux ; x86_64         ;
; Fitter               ; agamarch         ; Arch Linux ; Arch Linux ; x86_64         ;
; Assembler            ; agamarch         ; Arch Linux ; Arch Linux ; x86_64         ;
; Timing Analyzer      ; agamarch         ; Arch Linux ; Arch Linux ; x86_64         ;
; EDA Netlist Writer   ; agamarch         ; Arch Linux ; Arch Linux ; x86_64         ;
+----------------------+------------------+------------+------------+----------------+


------------
; Flow Log ;
------------
quartus_map --read_settings_files=on --write_settings_files=off fir_single_mac -c fir_single_mac
quartus_fit --read_settings_files=off --write_settings_files=off fir_single_mac -c fir_single_mac
quartus_asm --read_settings_files=off --write_settings_files=off fir_single_mac -c fir_single_mac
quartus_sta fir_single_mac -c fir_single_mac
quartus_eda --read_settings_files=off --write_settings_files=off fir_single_mac -c fir_single_mac



